[    0.000000] Initializing cgroup subsys cpuset
[    0.000000] Initializing cgroup subsys cpu
[    0.000000] Initializing cgroup subsys cpuacct
[    0.000000] Linux version 4.4.0-210-generic (buildd@lgw01-amd64-009) (gcc version 5.4.0 20160609 (Ubuntu 5.4.0-6ubuntu1~16.04.12) ) #242-Ubuntu SMP Fri Apr 16 09:57:56 UTC 2021 (Ubuntu 4.4.0-210.242-generic 4.4.262)
[    0.000000] Command line: BOOT_IMAGE=/boot/vmlinuz-4.4.0-210-generic root=LABEL=cloudimg-rootfs ro console=tty1 console=ttyS0
[    0.000000] KERNEL supported cpus:
[    0.000000]   Intel GenuineIntel
[    0.000000]   AMD AuthenticAMD
[    0.000000]   Centaur CentaurHauls
[    0.000000] x86/fpu: xstate_offset[2]:  576, xstate_sizes[2]:  256
[    0.000000] x86/fpu: Supporting XSAVE feature 0x01: 'x87 floating point registers'
[    0.000000] x86/fpu: Supporting XSAVE feature 0x02: 'SSE registers'
[    0.000000] x86/fpu: Supporting XSAVE feature 0x04: 'AVX registers'
[    0.000000] x86/fpu: Enabled xstate features 0x7, context size is 832 bytes, using 'standard' format.
[    0.000000] e820: BIOS-provided physical RAM map:
[    0.000000] BIOS-e820: [mem 0x0000000000000000-0x000000000009fbff] usable
[    0.000000] BIOS-e820: [mem 0x000000000009fc00-0x000000000009ffff] reserved
[    0.000000] BIOS-e820: [mem 0x00000000000f0000-0x00000000000fffff] reserved
[    0.000000] BIOS-e820: [mem 0x0000000000100000-0x000000003ffeffff] usable
[    0.000000] BIOS-e820: [mem 0x000000003fff0000-0x000000003fffffff] ACPI data
[    0.000000] BIOS-e820: [mem 0x00000000fec00000-0x00000000fec00fff] reserved
[    0.000000] BIOS-e820: [mem 0x00000000fee00000-0x00000000fee00fff] reserved
[    0.000000] BIOS-e820: [mem 0x00000000fffc0000-0x00000000ffffffff] reserved
[    0.000000] NX (Execute Disable) protection: active
[    0.000000] SMBIOS 2.5 present.
[    0.000000] Hypervisor detected: KVM
[    0.000000] e820: last_pfn = 0x3fff0 max_arch_pfn = 0x400000000
[    0.000000] MTRR: Disabled
[    0.000000] x86/PAT: MTRRs disabled, skipping PAT initialization too.
[    0.000000] CPU MTRRs all blank - virtualized system.
[    0.000000] x86/PAT: Configuration [0-7]: WB  WT  UC- UC  WB  WT  UC- UC  
[    0.000000] found SMP MP-table at [mem 0x0009fff0-0x0009ffff] mapped at [ffff88000009fff0]
[    0.000000] Scanning 1 areas for low memory corruption
[    0.000000] RAMDISK: [mem 0x362dc000-0x37165fff]
[    0.000000] ACPI: Early table checksum verification disabled
[    0.000000] ACPI: RSDP 0x00000000000E0000 000024 (v02 VBOX  )
[    0.000000] ACPI: XSDT 0x000000003FFF0030 00003C (v01 VBOX   VBOXXSDT 00000001 ASL  00000061)
[    0.000000] ACPI: FACP 0x000000003FFF00F0 0000F4 (v04 VBOX   VBOXFACP 00000001 ASL  00000061)
[    0.000000] ACPI: DSDT 0x000000003FFF0470 002325 (v02 VBOX   VBOXBIOS 00000002 INTL 20120111)
[    0.000000] ACPI: FACS 0x000000003FFF0200 000040
[    0.000000] ACPI: FACS 0x000000003FFF0200 000040
[    0.000000] ACPI: APIC 0x000000003FFF0240 00005C (v02 VBOX   VBOXAPIC 00000001 ASL  00000061)
[    0.000000] ACPI: SSDT 0x000000003FFF02A0 0001CC (v01 VBOX   VBOXCPUT 00000002 INTL 20120111)
[    0.000000] No NUMA configuration found
[    0.000000] Faking a node at [mem 0x0000000000000000-0x000000003ffeffff]
[    0.000000] NODE_DATA(0) allocated [mem 0x3ffeb000-0x3ffeffff]
[    0.000000] kvm-clock: Using msrs 4b564d01 and 4b564d00
[    0.000000] kvm-clock: cpu 0, msr 0:3ffe3001, primary cpu clock
[    0.000000] kvm-clock: using sched offset of 5092039140 cycles
[    0.000000] clocksource: kvm-clock: mask: 0xffffffffffffffff max_cycles: 0x1cd42e4dffb, max_idle_ns: 881590591483 ns
[    0.000000] Zone ranges:
[    0.000000]   DMA      [mem 0x0000000000001000-0x0000000000ffffff]
[    0.000000]   DMA32    [mem 0x0000000001000000-0x000000003ffeffff]
[    0.000000]   Normal   empty
[    0.000000]   Device   empty
[    0.000000] Movable zone start for each node
[    0.000000] Early memory node ranges
[    0.000000]   node   0: [mem 0x0000000000001000-0x000000000009efff]
[    0.000000]   node   0: [mem 0x0000000000100000-0x000000003ffeffff]
[    0.000000] Initmem setup node 0 [mem 0x0000000000001000-0x000000003ffeffff]
[    0.000000] ACPI: PM-Timer IO Port: 0x4008
[    0.000000] IOAPIC[0]: apic_id 2, version 32, address 0xfec00000, GSI 0-23
[    0.000000] ACPI: INT_SRC_OVR (bus 0 bus_irq 0 global_irq 2 dfl dfl)
[    0.000000] ACPI: INT_SRC_OVR (bus 0 bus_irq 9 global_irq 9 low level)
[    0.000000] Using ACPI (MADT) for SMP configuration information
[    0.000000] smpboot: Allowing 2 CPUs, 0 hotplug CPUs
[    0.000000] PM: Registered nosave memory: [mem 0x00000000-0x00000fff]
[    0.000000] PM: Registered nosave memory: [mem 0x0009f000-0x0009ffff]
[    0.000000] PM: Registered nosave memory: [mem 0x000a0000-0x000effff]
[    0.000000] PM: Registered nosave memory: [mem 0x000f0000-0x000fffff]
[    0.000000] e820: [mem 0x40000000-0xfebfffff] available for PCI devices
[    0.000000] Booting paravirtualized kernel on KVM
[    0.000000] clocksource: refined-jiffies: mask: 0xffffffff max_cycles: 0xffffffff, max_idle_ns: 7645519600211568 ns
[    0.000000] setup_percpu: NR_CPUS:512 nr_cpumask_bits:512 nr_cpu_ids:2 nr_node_ids:1
[    0.000000] PERCPU: Embedded 33 pages/cpu @ffff88003fc00000 s95192 r8192 d31784 u1048576
[    0.000000] Built 1 zonelists in Node order, mobility grouping on.  Total pages: 257912
[    0.000000] Policy zone: DMA32
[    0.000000] Kernel command line: BOOT_IMAGE=/boot/vmlinuz-4.4.0-210-generic root=LABEL=cloudimg-rootfs ro console=tty1 console=ttyS0
[    0.000000] PID hash table entries: 4096 (order: 3, 32768 bytes)
[    0.000000] Memory: 997792K/1048120K available (8644K kernel code, 1332K rwdata, 4044K rodata, 1492K init, 1164K bss, 50328K reserved, 0K cma-reserved)
[    0.000000] SLUB: HWalign=64, Order=0-3, MinObjects=0, CPUs=2, Nodes=1
[    0.000000] Kernel/User page tables isolation: enabled
[    0.000000] Hierarchical RCU implementation.
[    0.000000] 	Build-time adjustment of leaf fanout to 64.
[    0.000000] 	RCU restricting CPUs from NR_CPUS=512 to nr_cpu_ids=2.
[    0.000000] RCU: Adjusting geometry for rcu_fanout_leaf=64, nr_cpu_ids=2
[    0.000000] NR_IRQS:33024 nr_irqs:440 16
[    0.000000] Console: colour VGA+ 80x25
[    0.000000] console [tty1] enabled
[    0.000000] console [ttyS0] enabled
[    0.000000] tsc: Detected 3000.000 MHz processor
[    0.181282] Calibrating delay loop (skipped) preset value.. 6000.00 BogoMIPS (lpj=12000000)
[    0.183812] pid_max: default: 32768 minimum: 301
[    0.185187] ACPI: Core revision 20150930
[    0.187011] ACPI: 2 ACPI AML tables successfully acquired and loaded
[    0.188994] Security Framework initialized
[    0.190219] Yama: becoming mindful.
[    0.191306] AppArmor: AppArmor initialized
[    0.192605] Dentry cache hash table entries: 131072 (order: 8, 1048576 bytes)
[    0.195341] Inode-cache hash table entries: 65536 (order: 7, 524288 bytes)
[    0.197342] Mount-cache hash table entries: 2048 (order: 2, 16384 bytes)
[    0.199204] Mountpoint-cache hash table entries: 2048 (order: 2, 16384 bytes)
[    0.201267] Initializing cgroup subsys io
[    0.202476] Initializing cgroup subsys memory
[    0.203786] Initializing cgroup subsys devices
[    0.205089] Initializing cgroup subsys freezer
[    0.206401] Initializing cgroup subsys net_cls
[    0.207717] Initializing cgroup subsys perf_event
[    0.209085] Initializing cgroup subsys net_prio
[    0.210413] Initializing cgroup subsys hugetlb
[    0.211734] Initializing cgroup subsys pids
[    0.223280] mce: CPU supports 0 MCE banks
[    0.224520] Last level iTLB entries: 4KB 128, 2MB 8, 4MB 8
[    0.226083] Last level dTLB entries: 4KB 64, 2MB 0, 4MB 0, 1GB 4
[    0.227769] Spectre V1 : Mitigation: usercopy/swapgs barriers and __user pointer sanitization
[    0.230466] Spectre V2 : Mitigation: Full generic retpoline
[    0.232033] Spectre V2 : Spectre v2 / SpectreRSB mitigation: Filling RSB on context switch
[    0.234404] Speculative Store Bypass: Vulnerable
[    0.235744] SRBDS: Unknown: Dependent on hypervisor status
[    0.237335] MDS: Mitigation: Clear CPU buffers
[    0.240711] Freeing SMP alternatives memory: 36K
[    0.246724] ftrace: allocating 32380 entries in 127 pages
[    0.293804] smpboot: APIC(0) Converting physical 0 to logical package 0
[    0.295632] smpboot: Max logical packages: 1
[    0.297048] x2apic enabled
[    0.298077] Switched APIC routing to physical x2apic.
[    0.300338] ..TIMER: vector=0x30 apic1=0 pin1=2 apic2=-1 pin2=-1
[    0.410101] smpboot: CPU0: Intel(R) Core(TM) i5-8500 CPU @ 3.00GHz (family: 0x6, model: 0x9e, stepping: 0xa)
[    0.413159] Performance Events: unsupported p6 CPU model 158 no PMU driver, software events only.
[    0.422560] KVM setup paravirtual spinlock
[    0.424344] x86: Booting SMP configuration:
[    0.425564] .... node  #0, CPUs:      #1
[    0.426993] kvm-clock: cpu 1, msr 0:3ffe3041, secondary cpu clock
[    0.438665] mce: CPU supports 0 MCE banks
[    0.441676] x86: Booted up 1 node, 2 CPUs
[    0.443033] smpboot: Total of 2 processors activated (12000.00 BogoMIPS)
[    0.445229] devtmpfs: initialized
[    0.447779] evm: security.selinux
[    0.448789] evm: security.SMACK64
[    0.449834] evm: security.SMACK64EXEC
[    0.451048] evm: security.SMACK64TRANSMUTE
[    0.452468] evm: security.SMACK64MMAP
[    0.453658] evm: security.ima
[    0.454706] evm: security.capability
[    0.455971] clocksource: jiffies: mask: 0xffffffff max_cycles: 0xffffffff, max_idle_ns: 7645041785100000 ns
[    0.458752] futex hash table entries: 512 (order: 3, 32768 bytes)
[    0.460676] pinctrl core: initialized pinctrl subsystem
[    0.462280] RTC time: 23:25:59, date: 08/16/22
[    0.463804] NET: Registered protocol family 16
[    0.474220] cpuidle: using governor ladder
[    0.486094] cpuidle: using governor menu
[    0.487312] PCCT header not found.
[    0.488450] ACPI: bus type PCI registered
[    0.489768] acpiphp: ACPI Hot Plug PCI Controller Driver version: 0.5
[    0.491950] PCI: Using configuration type 1 for base access
[    0.506379] ACPI: Added _OSI(Module Device)
[    0.507641] ACPI: Added _OSI(Processor Device)
[    0.508941] ACPI: Added _OSI(3.0 _SCP Extensions)
[    0.510395] ACPI: Added _OSI(Processor Aggregator Device)
[    0.512588] ACPI: Executed 1 blocks of module-level executable AML code
[    0.516182] ACPI: Interpreter enabled
[    0.517300] ACPI: (supports S0 S5)
[    0.518379] ACPI: Using IOAPIC for interrupt routing
[    0.520003] PCI: Using host bridge windows from ACPI; if necessary, use "pci=nocrs" and report a bug
[    0.526482] ACPI: PCI Root Bridge [PCI0] (domain 0000 [bus 00-ff])
[    0.528505] acpi PNP0A03:00: _OSC: OS supports [ASPM ClockPM Segments MSI]
[    0.531081] acpi PNP0A03:00: _OSC: not requesting OS control; OS requires [ExtendedConfig ASPM ClockPM MSI]
[    0.534521] acpi PNP0A03:00: fail to add MMCONFIG information, can't access extended PCI configuration space under this bridge.
[    0.538158] PCI host bridge to bus 0000:00
[    0.539423] pci_bus 0000:00: root bus resource [io  0x0000-0x0cf7 window]
[    0.541328] pci_bus 0000:00: root bus resource [io  0x0d00-0xffff window]
[    0.543264] pci_bus 0000:00: root bus resource [mem 0x000a0000-0x000bffff window]
[    0.545482] pci_bus 0000:00: root bus resource [mem 0x40000000-0xfdffffff window]
[    0.547762] pci_bus 0000:00: root bus resource [bus 00-ff]
[    0.551679] pci 0000:00:01.1: legacy IDE quirk: reg 0x10: [io  0x01f0-0x01f7]
[    0.553679] pci 0000:00:01.1: legacy IDE quirk: reg 0x14: [io  0x03f6]
[    0.555529] pci 0000:00:01.1: legacy IDE quirk: reg 0x18: [io  0x0170-0x0177]
[    0.564546] pci 0000:00:01.1: legacy IDE quirk: reg 0x1c: [io  0x0376]
[    0.576469] pci 0000:00:07.0: quirk: [io  0x4000-0x403f] claimed by PIIX4 ACPI
[    0.578742] pci 0000:00:07.0: quirk: [io  0x4100-0x410f] claimed by PIIX4 SMB
[    0.586990] ACPI: PCI Interrupt Link [LNKA] (IRQs 5 9 10 *11)
[    0.589469] ACPI: PCI Interrupt Link [LNKB] (IRQs 5 9 *10 11)
[    0.591816] ACPI: PCI Interrupt Link [LNKC] (IRQs 5 *9 10 11)
[    0.594141] ACPI: PCI Interrupt Link [LNKD] (IRQs 5 9 10 *11)
[    0.596480] ACPI: Enabled 2 GPEs in block 00 to 07
[    0.598301] vgaarb: setting as boot device: PCI:0000:00:02.0
[    0.599906] vgaarb: device added: PCI:0000:00:02.0,decodes=io+mem,owns=io+mem,locks=none
[    0.602290] vgaarb: loaded
[    0.603176] vgaarb: bridge control possible 0000:00:02.0
[    0.604837] SCSI subsystem initialized
[    0.606127] ACPI: bus type USB registered
[    0.607339] usbcore: registered new interface driver usbfs
[    0.608970] usbcore: registered new interface driver hub
[    0.610530] usbcore: registered new device driver usb
[    0.612886] PCI: Using ACPI for IRQ routing
[    0.614466] NetLabel: Initializing
[    0.615539] NetLabel:  domain hash size = 128
[    0.616827] NetLabel:  protocols = UNLABELED CIPSOv4
[    0.618317] NetLabel:  unlabeled traffic allowed by default
[    0.619995] amd_nb: Cannot enumerate AMD northbridges
[    0.621562] clocksource: Switched to clocksource kvm-clock
[    0.628149] AppArmor: AppArmor Filesystem Enabled
[    0.629721] pnp: PnP ACPI init
[    0.631623] pnp: PnP ACPI: found 3 devices
[    0.641212] clocksource: acpi_pm: mask: 0xffffff max_cycles: 0xffffff, max_idle_ns: 2085701024 ns
[    0.643757] NET: Registered protocol family 2
[    0.645150] TCP established hash table entries: 8192 (order: 4, 65536 bytes)
[    0.647141] TCP bind hash table entries: 8192 (order: 5, 131072 bytes)
[    0.648931] TCP: Hash tables configured (established 8192 bind 8192)
[    0.650743] UDP hash table entries: 512 (order: 2, 16384 bytes)
[    0.652390] UDP-Lite hash table entries: 512 (order: 2, 16384 bytes)
[    0.654169] NET: Registered protocol family 1
[    0.655432] pci 0000:00:00.0: Limiting direct PCI/PCI transfers
[    0.657109] pci 0000:00:01.0: Activating ISA DMA hang workarounds
[    0.658922] Unpacking initramfs...
[    0.822879] Freeing initrd memory: 14888K
[    0.824219] clocksource: tsc: mask: 0xffffffffffffffff max_cycles: 0x2b3e459bf4c, max_idle_ns: 440795289890 ns
[    0.827214] platform rtc_cmos: registered platform RTC device (no PNP device found)
[    0.829434] Scanning for low memory corruption every 60 seconds
[    0.831640] audit: initializing netlink subsys (disabled)
[    0.833205] audit: type=2000 audit(1660692366.491:1): initialized
[    0.835144] Initialise system trusted keyring
[    0.836626] HugeTLB registered 2 MB page size, pre-allocated 0 pages
[    0.839351] zbud: loaded
[    0.840478] VFS: Disk quotas dquot_6.6.0
[    0.841687] VFS: Dquot-cache hash table entries: 512 (order 0, 4096 bytes)
[    0.843781] squashfs: version 4.0 (2009/01/31) Phillip Lougher
[    0.845726] fuse init (API version 7.23)
[    0.847097] Key type big_key registered
[    0.848284] Allocating IMA MOK and blacklist keyrings.
[    0.851892] Key type asymmetric registered
[    0.853095] Asymmetric key parser 'x509' registered
[    0.854540] Block layer SCSI generic (bsg) driver version 0.4 loaded (major 249)
[    0.856755] io scheduler noop registered
[    0.858026] io scheduler deadline registered (default)
[    0.859505] io scheduler cfq registered
[    0.860719] pci_hotplug: PCI Hot Plug PCI Core version: 0.5
[    0.862358] pciehp: PCI Express Hot Plug Controller Driver version: 0.4
[    0.864357] ACPI: AC Adapter [AC] (on-line)
[    0.865650] input: Power Button as /devices/LNXSYSTM:00/LNXPWRBN:00/input/input0
[    0.867882] ACPI: Power Button [PWRF]
[    0.869075] input: Sleep Button as /devices/LNXSYSTM:00/LNXSLPBN:00/input/input1
[    0.871308] ACPI: Sleep Button [SLPF]
[    0.872593] GHES: HEST is not enabled!
[    0.874049] Serial: 8250/16550 driver, 32 ports, IRQ sharing enabled
[    0.896354] 00:02: ttyS0 at I/O 0x3f8 (irq = 4, base_baud = 115200) is a 16550A
[    0.901217] Linux agpgart interface v0.103
[    0.903796] loop: module loaded
[    0.905198] scsi host0: ata_piix
[    0.906384] scsi host1: ata_piix
[    0.907400] ata1: PATA max UDMA/33 cmd 0x1f0 ctl 0x3f6 bmdma 0xd000 irq 14
[    0.909274] ata2: PATA max UDMA/33 cmd 0x170 ctl 0x376 bmdma 0xd008 irq 15
[    0.911485] libphy: Fixed MDIO Bus: probed
[    0.912944] tun: Universal TUN/TAP device driver, 1.6
[    0.914442] tun: (C) 1999-2004 Max Krasnyansky <maxk@qualcomm.com>
[    0.916237] PPP generic driver version 2.4.2
[    0.917593] ehci_hcd: USB 2.0 'Enhanced' Host Controller (EHCI) Driver
[    0.919395] ehci-pci: EHCI PCI platform driver
[    0.920688] ehci-platform: EHCI generic platform driver
[    0.922263] ohci_hcd: USB 1.1 'Open' Host Controller (OHCI) Driver
[    0.923989] ohci-pci: OHCI PCI platform driver
[    0.925303] ohci-platform: OHCI generic platform driver
[    0.926842] uhci_hcd: USB Universal Host Controller Interface driver
[    0.928626] i8042: PNP: PS/2 Controller [PNP0303:PS2K,PNP0f03:PS2M] at 0x60,0x64 irq 1,12
[    0.931451] serio: i8042 KBD port at 0x60,0x64 irq 1
[    0.932891] serio: i8042 AUX port at 0x60,0x64 irq 12
[    0.934581] mousedev: PS/2 mouse device common for all mice
[    0.936490] input: AT Translated Set 2 keyboard as /devices/platform/i8042/serio0/input/input2
[    0.939504] rtc_cmos rtc_cmos: rtc core: registered rtc_cmos as rtc0
[    0.941283] rtc_cmos rtc_cmos: alarms up to one day, 114 bytes nvram
[    0.943104] i2c /dev entries driver
[    0.944247] device-mapper: uevent: version 1.0.3
[    0.945753] device-mapper: ioctl: 4.34.0-ioctl (2015-10-28) initialised: dm-devel@redhat.com
[    0.948183] ledtrig-cpu: registered to indicate activity on CPUs
[    0.950319] NET: Registered protocol family 10
[    0.951798] NET: Registered protocol family 17
[    0.953115] Key type dns_resolver registered
[    0.954913] registered taskstats version 1
[    0.956184] Loading compiled-in X.509 certificates
[    0.958020] Loaded X.509 cert 'Build time autogenerated kernel key: cf00e047681d67edb2720680708b7d9498083038'
[    0.960820] zswap: loaded using pool lzo/zbud
[    0.963655] Key type trusted registered
[    0.967611] Key type encrypted registered
[    0.968816] AppArmor: AppArmor sha1 policy hashing enabled
[    0.970413] ima: No TPM chip found, activating TPM-bypass!
[    0.971954] ima: Allocated hash algorithm: sha1
[    0.973269] evm: HMAC attrs: 0x1
[    0.974724]   Magic number: 2:32:454
[    0.975917] rtc_cmos rtc_cmos: setting system clock to 2022-08-16 23:26:00 UTC (1660692360)
[    0.978467] BIOS EDD facility v0.16 2004-Jun-25, 0 devices found
[    0.980162] EDD information not available.
[    1.089001] Freeing unused kernel memory: 1492K
[    1.090615] Write protecting the kernel read-only data: 14336k
[    1.092599] Freeing unused kernel memory: 1584K
[    1.094208] Freeing unused kernel memory: 52K
Loading, please wait...
starting version 229
[    1.105531] random: systemd-udevd: uninitialized urandom read (16 bytes read, 3 bits of entropy available)
[    1.106871] random: udevadm: uninitialized urandom read (16 bytes read, 3 bits of entropy available)
[    1.106953] random: udevadm: uninitialized urandom read (16 bytes read, 3 bits of entropy available)
[    1.113940] random: systemd-udevd: uninitialized urandom read (16 bytes read, 3 bits of entropy available)
[    1.116726] random: systemd-udevd: uninitialized urandom read (16 bytes read, 3 bits of entropy available)
[    1.119591] random: systemd-udevd: uninitialized urandom read (16 bytes read, 3 bits of entropy available)
[    1.121467] random: udevadm: uninitialized urandom read (16 bytes read, 3 bits of entropy available)
[    1.121608] random: udevadm: uninitialized urandom read (16 bytes read, 3 bits of entropy available)
[    1.121914] random: udevadm: uninitialized urandom read (16 bytes read, 3 bits of entropy available)
[    1.121957] random: udevadm: uninitialized urandom read (16 bytes read, 3 bits of entropy available)
[    1.167328] e1000: Intel(R) PRO/1000 Network Driver - version 7.3.21-k8-NAPI
[    1.169296] e1000: Copyright (c) 1999-2006 Intel Corporation.
[    1.172365] Fusion MPT base driver 3.04.20
[    1.173621] Copyright (c) 1999-2008 LSI Corporation
[    1.177744] Fusion MPT SPI Host driver 3.04.20
[    1.192205] AVX2 version of gcm_enc/dec engaged.
[    1.193615] AES CTR mode by8 optimization enabled
[    1.388429] input: ImExPS/2 Generic Explorer Mouse as /devices/platform/i8042/serio1/input/input4
[    1.547612] e1000 0000:00:03.0 eth0: (PCI:33MHz:32-bit) 02:be:82:6b:cc:1d
[    1.549847] e1000 0000:00:03.0 eth0: Intel(R) PRO/1000 Network Connection
[    1.552359] mptbase: ioc0: Initiating bringup
[    2.863178] ioc0: LSI53C1030 A0: Capabilities={Initiator}
[    5.781442] scsi host2: ioc0: LSI53C1030 A0, FwRev=00000000h, Ports=1, MaxQ=256, IRQ=20
[    8.441389] scsi 2:0:0:0: Direct-Access     VBOX     HARDDISK         1.0  PQ: 0 ANSI: 5
[    8.444024] scsi target2:0:0: Beginning Domain Validation
[    8.448530] scsi target2:0:0: Domain Validation skipping write tests
[    8.450404] scsi target2:0:0: Ending Domain Validation
[    8.452034] scsi target2:0:0: asynchronous
[    8.454064] scsi 2:0:1:0: Direct-Access     VBOX     HARDDISK         1.0  PQ: 0 ANSI: 5
[    8.456339] scsi target2:0:1: Beginning Domain Validation
[    8.460082] scsi target2:0:1: Domain Validation skipping write tests
[    8.461837] scsi target2:0:1: Ending Domain Validation
[    8.463471] scsi target2:0:1: asynchronous
[    8.472809] sd 2:0:0:0: [sda] 83886080 512-byte logical blocks: (42.9 GB/40.0 GiB)
[    8.473389] sd 2:0:0:0: Attached scsi generic sg0 type 0
[    8.484060] sd 2:0:0:0: [sda] Write Protect is off
[    8.485709] sd 2:0:0:0: [sda] Incomplete mode parameter data
[    8.487287] sd 2:0:0:0: [sda] Assuming drive cache: write through
[    8.489324] sd 2:0:1:0: [sdb] 20480 512-byte logical blocks: (10.5 MB/10.0 MiB)
[    8.491929] sd 2:0:1:0: [sdb] Write Protect is off
[    8.493542] sd 2:0:1:0: [sdb] Incomplete mode parameter data
[    8.493798] sd 2:0:1:0: Attached scsi generic sg1 type 0
[    8.496756] sd 2:0:1:0: [sdb] Assuming drive cache: write through
[    8.501726]  sda: sda1
[    8.503598] sd 2:0:0:0: [sda] Attached SCSI disk
[    8.508530] sd 2:0:1:0: [sdb] Attached SCSI disk
[    8.845786] e1000 0000:00:08.0 eth1: (PCI:33MHz:32-bit) 08:00:27:cb:26:47
[    8.847745] e1000 0000:00:08.0 eth1: Intel(R) PRO/1000 Network Connection
[    8.850573] e1000 0000:00:03.0 enp0s3: renamed from eth0
[    8.865823] e1000 0000:00:08.0 enp0s8: renamed from eth1
Begin: Loading essential drivers ... [   10.114276] md: linear personality registered for level -1
[   10.117632] md: multipath personality registered for level -4
[   10.121087] md: raid0 personality registered for level 0
[   10.125566] md: raid1 personality registered for level 1
[   10.197653] raid6: sse2x1   gen() 14083 MB/s
[   10.265816] raid6: sse2x1   xor() 10489 MB/s
[   10.333612] raid6: sse2x2   gen() 16648 MB/s
[   10.401835] raid6: sse2x2   xor() 11708 MB/s
[   10.469790] raid6: sse2x4   gen() 19619 MB/s
[   10.537639] raid6: sse2x4   xor() 11680 MB/s
[   10.605758] raid6: avx2x1   gen() 23320 MB/s
[   10.673756] raid6: avx2x2   gen() 31399 MB/s
[   10.741803] raid6: avx2x4   gen() 35159 MB/s
[   10.743116] raid6: using algorithm avx2x4 gen() 35159 MB/s
[   10.744654] raid6: using avx2x2 recovery algorithm
[   10.746960] xor: automatically using best checksumming function:
[   10.785664]    avx       : 25762.000 MB/sec
[   10.787911] async_tx: api initialized (async)
[   10.798099] md: raid6 personality registered for level 6
[   10.799900] md: raid5 personality registered for level 5
[   10.801427] md: raid4 personality registered for level 4
[   10.808269] md: raid10 personality registered for level 10
done.
Begin: Running /scripts/init-premount ... done.
Begin: Mounting root file system ... Begin: Running /scripts/local-top ... done.
Begin: Running /scripts/local-premount ... [   10.833788] Btrfs loaded
Scanning for Btrfs filesystems
done.
Warning: fsck not present, so skipping root file system
[   10.908148] EXT4-fs (sda1): mounted filesystem with ordered data mode. Opts: (null)
done.
Begin: Running /scripts/local-bottom ... done.
Begin: Running /scripts/init-bottom ... done.
[   11.325896] systemd[1]: systemd 229 running in system mode. (+PAM +AUDIT +SELINUX +IMA +APPARMOR +SMACK +SYSVINIT +UTMP +LIBCRYPTSETUP +GCRYPT +GNUTLS +ACL +XZ -LZ4 +SECCOMP +BLKID +ELFUTILS +KMOD -IDN)
[   11.331038] systemd[1]: Detected virtualization oracle.
[   11.332575] systemd[1]: Detected architecture x86-64.

Welcome to [1mUbuntu 16.04.7 LTS[0m!

[   11.626339] systemd[1]: Set hostname to <ubuntu>.
[   11.654230] systemd[1]: Initializing machine ID from random generator.
[   11.656118] systemd[1]: Installed transient /etc/machine-id file.
[   12.127077] systemd[1]: Set up automount Arbitrary Executable File Formats File System Automount Point.
[[0;32m  OK  [0m] Set up automount Arbitrary Executab...ats File System Automount Point.
[   12.137851] systemd[1]: Started Trigger resolvconf update for networkd DNS.
[[0;32m  OK  [0m] Started Trigger resolvconf update for networkd DNS.
[   12.140877] systemd[1]: Listening on Device-mapper event daemon FIFOs.
[[0;32m  OK  [0m] Listening on Device-mapper event daemon FIFOs.
[   12.149937] systemd[1]: Listening on fsck to fsckd communication Socket.
[[0;32m  OK  [0m] Listening on fsck to fsckd communication Socket.
[   12.158358] systemd[1]: Reached target Encrypted Volumes.
[[0;32m  OK  [0m] Reached target Encrypted Volumes.
[   12.166374] systemd[1]: Listening on LVM2 metadata daemon socket.
[[0;32m  OK  [0m] Listening on LVM2 metadata daemon socket.
[   12.174645] systemd[1]: Created slice System Slice.
[[0;32m  OK  [0m] Created slice System Slice.
[   12.182255] systemd[1]: Reached target User and Group Name Lookups.
[[0;32m  OK  [0m] Reached target User and Group Name Lookups.
[   12.184920] systemd[1]: Reached target Swap.
[[0;32m  OK  [0m] Reached target Swap.
[   12.186815] systemd[1]: Listening on Syslog Socket.
[[0;32m  OK  [0m] Listening on Syslog Socket.
[   12.193765] systemd[1]: Listening on Journal Socket (/dev/log).
[[0;32m  OK  [0m] Listening on Journal Socket (/dev/log).
[   12.202484] systemd[1]: Listening on Journal Socket.
[[0;32m  OK  [0m] Listening on Journal Socket.
[   12.217731] systemd[1]: Starting Set console keymap...
         Starting Set console keymap...
[   12.226195] systemd[1]: Starting Create list of required static device nodes for the current kernel...
         Starting Create list of required st... nodes for the current kernel...
[   12.238172] systemd[1]: Starting Uncomplicated firewall...
         Starting Uncomplicated firewall...
[   12.252605] systemd[1]: Starting Load Kernel Modules...
         Starting Load Kernel Modules...
[   12.262197] systemd[1]: Starting Monitoring of LVM2 mirrors, snapshots etc. using dmeventd or progress polling...
         Starting Monitoring of LVM2 mirrors... dmeventd or progress polling...
[   12.267494] systemd[1]: Mounting POSIX Message Queue File System...
         Mounting POSIX Message Queue File System...
[   12.278166] systemd[1]: Listening on /dev/initctl Compatibility Named Pipe.
[[0;32m  OK  [0m] Listening on /dev/initctl Compatibility Named Pipe.
[   12.286441] systemd[1]: Mounting Debug File System...
         Mounting Debug File System...
[   12.288788] Loading iSCSI transport class v2.0-870.
[   12.294249] systemd[1]: Starting File System Check on Root Device...
         Starting File System Check on Root Device...
[   12.301889] systemd[1]: Listening on Journal Audit Socket.
[[0;32m  OK  [0m] Listening on Journal Audit Socket.
[   12.304629] systemd[1]: Listening on LVM2 poll daemon socket.
[[0;32m  OK  [0m] Listening on LVM2 poll daemon socket.
[   12.307210] iscsi: registered transport (tcp)
[   12.325687] systemd[1]: Starting Nameserver information manager...
         Starting Nameserver information manager...
[   12.334217] systemd[1]: Mounting Huge Pages File System...
         Mounting Huge Pages File System...
[   12.341751] systemd[1]: Listening on udev Kernel Socket.
[[0;32m  OK  [0m] Listening on udev Kernel Socket.
[   12.350041] systemd[1]: Created slice User and Session Slice.
[[0;32m  OK  [0m] Created slice User and Session Slice.
[   12.352505] systemd[1]: Reached target Slices.
[[0;32m  OK  [0m] Reached target Slices.
[   12.356978] iscsi: registered transport (iser)
[   12.361921] systemd[1]: Created slice system-serial\x2dgetty.slice.
[[0;32m  OK  [0m] Created slice system-serial\x2dgetty.slice.
[   12.381991] systemd[1]: Starting Journal Service...
         Starting Journal Service...
[   12.389784] systemd[1]: Reached target System Time Synchronized.
[[0;32m  OK  [0m] Reached target System Time Synchronized.
[   12.397973] systemd[1]: Listening on udev Control Socket.
[[0;32m  OK  [0m] Listening on udev Control Socket.
[   12.409915] systemd[1]: Started Forward Password Requests to Wall Directory Watch.
[[0;32m  OK  [0m] Started Forward Password Requests to Wall Directory Watch.
[   12.431547] systemd[1]: Mounted Huge Pages File System.
[[0;32m  OK  [0m] Mounted Huge Pages File System.
[   12.446291] systemd[1]: Mounted POSIX Message Queue File System.
[[0;32m  OK  [0m] Mounted POSIX Message Queue File System.
[   12.458121] systemd[1]: Mounted Debug File System.
[[0;32m  OK  [0m] Mounted Debug File System.
[   12.469926] systemd[1]: Started Journal Service.
[[0;32m  OK  [0m] Started Journal Service.
[[0;32m  OK  [0m] Started Set console keymap.
[[0;32m  OK  [0m] Started Create list of required sta...ce nodes for the current kernel.
[[0;32m  OK  [0m] Started Uncomplicated firewall.
[[0;32m  OK  [0m] Started Load Kernel Modules.
[[0;32m  OK  [0m] Started File System Check on Root Device.
[[0;32m  OK  [0m] Started LVM2 metadata daemon.
[[0;32m  OK  [0m] Started File System Check Daemon to report status.
         Starting Remount Root and Kernel File Systems...[   12.536275] random: nonblocking pool is initialized

         Starting Apply Kernel Variables...
[   12.542682] EXT4-fs (sda1): re-mounted. Opts: (null)
         Mounting FUSE Control File System...
         Starting Create Static Device Nodes in /dev...
[[0;32m  OK  [0m] Mounted FUSE Control File System.
[[0;32m  OK  [0m] Started Nameserver information manager.
[[0;32m  OK  [0m] Started Remount Root and Kernel File Systems.
[[0;32m  OK  [0m] Started Apply Kernel Variables.
         Starting Load/Save Random Seed...
         Starting Flush Journal to Persistent Storage...
         Starting udev Coldplug all Devices...
[[0;32m  OK  [0m] Started Load/Save Random Seed.
[[0;32m  OK  [0m] Started Flush Journal to Persistent Storage.
[[0;32m  OK  [0m] Started Create Static Device Nodes in /dev.
         Starting udev Kernel Device Manager...
[[0;32m  OK  [0m] Started udev Coldplug all Devices.
[[0;32m  OK  [0m] Started udev Kernel Device Manager.
[[0;32m  OK  [0m] Started Dispatch Password Requests to Console Directory Watch.
[[0;32m  OK  [0m] Found device /dev/ttyS0.
[[0;32m  OK  [0m] Listening on Load/Save RF Kill Switch Status /dev/rfkill Watch.
[[0;32m  OK  [0m] Started Monitoring of LVM2 mirrors,...ng dmeventd or progress polling.
[[0;32m  OK  [0m] Reached target Local File Systems (Pre).
[[0;32m  OK  [0m] Reached target Local File Systems.
         Starting Set console font and keymap...
         Starting Initial cloud-init job (pre-networking)...
         Starting Tell Plymouth To Write Out Runtime Data...
         Starting Create Volatile Files and Directories...
         Starting LSB: AppArmor initialization...
         Starting Commit a transient machine-id on disk...
[[0;32m  OK  [0m] Started Tell Plymouth To Write Out Runtime Data.
[[0;32m  OK  [0m] Started Create Volatile Files and Directories.
[[0;32m  OK  [0m] Started Commit a transient machine-id on disk.
         Starting Update UTMP about System Boot/Shutdown...
[[0;32m  OK  [0m] Started Set console font and keymap.
[[0;32m  OK  [0m] Created slice system-getty.slice.
[[0;32m  OK  [0m] Started Update UTMP about System Boot/Shutdown.
[[0;32m  OK  [0m] Started LSB: AppArmor initialization.
         Starting Load AppArmor profiles managed internally by snapd...
[[0;32m  OK  [0m] Started Load AppArmor profiles managed internally by snapd.
[   14.783326] cloud-init[593]: Cloud-init v. 21.1-19-gbad84ad4-0ubuntu1~16.04.2 running 'init-local' at Tue, 16 Aug 2022 23:26:14 +0000. Up 14.47 seconds.
[[0;32m  OK  [0m] Started Initial cloud-init job (pre-networking).
[[0;32m  OK  [0m] Reached target Network (Pre).
         Starting Raise network interfaces...
[[0;32m  OK  [0m] Started Raise network interfaces.
[[0;32m  OK  [0m] Reached target Network.
         Starting Initial cloud-init job (metadata service crawler)...
[   15.886640] cloud-init[954]: Cloud-init v. 21.1-19-gbad84ad4-0ubuntu1~16.04.2 running 'init' at Tue, 16 Aug 2022 23:26:14 +0000. Up 15.24 seconds.
[   15.892865] cloud-init[954]: ci-info: ++++++++++++++++++++++++++++++++++++++Net device info+++++++++++++++++++++++++++++++++++++++
[   15.900559] cloud-init[954]: ci-info: +--------+-------+----------------------------+---------------+--------+-------------------+
[   15.901791] cloud-init[954]: ci-info: | Device |   Up  |          Address           |      Mask     | Scope  |     Hw-Address    |
[   15.912783] cloud-init[954]: ci-info: +--------+-------+----------------------------+---------------+--------+-------------------+
[   15.924943] cloud-init[954]: ci-info: | enp0s3 |  True |         10.0.2.15          | 255.255.255.0 | global | 02:be:82:6b:cc:1d |
[[0;32m  OK  [0m] Started Initial cloud-init job (metadata service crawler).
[   15.925339] cloud-init[954]: ci-info: | enp0s3 |  True | fe80::be:82ff:fe6b:cc1d/64 |       .       |  link  | 02:be:82:6b:cc:1d |
[[   15.933243] [0;32m  OK  [0mcloud-init] [954]: Reached target System Initialization.ci-info: | enp0s8 | False |             .              |       .       |   .    | 08:00:27:cb:26:47 |

[   15.933285] cloud-init[954]: ci-info: |   lo   |  True |         127.0.0.1          |   255.0.0.0   |  host  |         .         |
[   15.941602] cloud-init[954]: ci-info: |   lo   |  True |          ::1/128           |       .       |  host  |         .         |
[[0;32m  OK  [0m] Started Message of the Day.
[   15.941816] cloud-init[954]: ci-info: +--------+-------+----------------------------+---------------+--------+-------------------+
[   15.945682] cloud-init[954]: ci-info: +++++++++++++++++++++++++++Route IPv4 info++++++++++++++++++++++++++++
[   15.945917] cloud-init[[954]: [0;32m  OK  [0mci-info: +-------+-------------+----------+---------------+-----------+-------+] 
Started Daily apt download activities.
[   15.945968] cloud-init[954]: ci-info: | Route | Destination | Gateway  |    Genmask    | Interface | Flags |
[[   15.953216] [0;32m  OK  [0mcloud-init] [954]: Started Ubuntu Advantage update messaging.ci-info: +-------+-------------+----------+---------------+-----------+-------+

[   15.955298] cloud-init[954]: ci-info: |   0   |   0.0.0.0   | 10.0.2.2 |    0.0.0.0    |   enp0s3  |   UG  |
[   15.955523] [cloud-init[0;32m  OK  [0m[954]: ] ci-info: |   1   |   10.0.2.0  | 0.0.0.0  | 255.255.255.0 |   enp0s3  |   U   |Started Daily Cleanup of Temporary Directories.

[[   15.955557] [0;32m  OK  [0mcloud-init] [954]: Listening on ACPID Listen Socket.ci-info: +-------+-------------+----------+---------------+-----------+-------+

[   15.976980] cloud-init[954]: ci-info: +++++++++++++++++++Route IPv6 info+++++++++++++++++++
[   15.977384] cloud-init[954]: ci-info: +-------+-------------+---------+-----------+-------+
[   15.977610] cloud-init[954]: ci-info: | Route | Destination | Gateway | Interface | Flags |
[   15.977708] cloud-init[954]: ci-info: +-------+-------------+---------+-----------+-------+         Starting LXD - unix socket.

[   15.980676] cloud-init[954]: ci-info: |   0   |  fe80::/64  |    ::   |   enp0s3  |   U   |
[   15.980883] cloud-init[954]: ci-info: |   3   |   ff00::/8  |    ::   |   enp0s3  |   U   |
[[0;32m  OK  [0m] Listening on UUID daemon activation socket.
[   15.980994] cloud-init[954]: ci-info: +-------+-------------+---------+-----------+-------+
[   15.989158] cloud-init[954]: Generating public/private rsa key pair.
[   15.989426] cloud-init[954]: Your identification has been saved in /etc/ssh/ssh_host_rsa_key.
[   15.989814] cloud-init[954]: Your public key has been saved in /etc/ssh/ssh_host_rsa_key.pub.
[[0;32m  OK  [0m] Started Daily apt upgrade and clean activities.
[   15.990071] cloud-init[954]: The key fingerprint is:
[   15.993194] cloud-init[954]: SHA256:ZQujylSGlEq1Iu28fRldMDtM/jZcHmkepWyJFCDzfZk root@ubuntu-xenial
[   15.994230] cloud-init[954]: The key's randomart image is:
[   16.000974] cloud-init[954]: +---[RSA 2048]----+
[   16.001384] cloud-init[954]: |   .o.o =.o.  .  |
[[0;32m  OK  [0m] Started ACPI Events Check.[   16.001586] cloud-init[954]: | ....o B * o B   |
[   16.001891] cloud-init[954]: |..o.o o O * E    |

[   16.008958] cloud-init[954]: | +.. o o X O o   |
[   16.009196] cloud-init[[954]: [0;32m  OK  [0m|  o . o S * o    |] 
Reached target Paths.
[   16.009252] cloud-init[954]: |   = . o . .     |
[   16.025003] cloud-init[954]: |  . + o          |
[   16.025406] cloud-init[954]: |     .           |
         Starting Socket activation for snappy daemon.
[[   16.025549] [0;32m  OK  [0mcloud-init] [954]: Listening on D-Bus System Message Bus Socket.|                 |

[   16.040933] cloud-init[954]: +----[SHA256]-----+
[   16.041138] cloud-init[954]: Generating public/private dsa key pair.[
[   16.041227] cloud-init[0;32m  OK  [0m[954]: ] Reached target Timers.
Your identification has been saved in /etc/ssh/ssh_host_dsa_key.
[   16.048966] cloud-init[954]: Your public key has been saved in /etc/ssh/ssh_host_dsa_key.pub.
[   16.049205] [cloud-init[0;32m  OK  [0m[954]: ] The key fingerprint is:Reached target Cloud-config availability.

[[   16.049261] [0;32m  OK  [0mcloud-init] [954]: Reached target Network is Online.SHA256:kBLyPqTT22t+U6NZnaCQBS6olXEbLGNWcC1XhSQwotQ root@ubuntu-xenial

[   16.065031] cloud-init[954]: The key's randomart image is:
[   16.072724] cloud-init[954]: +---[DSA 1024]----+
[   16.075290]          cloud-initStarting iSCSI initiator daemon (iscsid)...[954]: 
| .*+Ooo+oo.      |
[   16.084296] [[0;32m  OK  [0m] Listening on LXD - unix socket.
cloud-init[954]: |..=Eo*ooo        |
[   16.092877] [cloud-init[0;32m  OK  [0m[954]: ] |.o+o*o+o         |Listening on Socket activation for snappy daemon.

[   16.094213] cloud-init[954]: | o = oo.  .      |
[   16.108931] cloud-init[954]: |. o +  .S. o .   |
[   16.116507] [[0;32m  OK  [0m] Reached target Sockets.
cloud-init[954]: |   . +  . + o    |
[[0;32m  OK  [0m] Reached target Basic System.
[   16.117290] cloud-init[954]: |    . .  = .     |
[   16.132496] [[0;32m  OK  [0m] Started FUSE filesystem for LXC.
cloud-init[954]: |      ..=        |
[   16.134185] cloud-init[954]: |     oo. .       |
         Starting LXD - container startup/shutdown...
[   16.135110] cloud-init[954]: +----[SHA256]-----+
[   16.141422]          cloud-initStarting System Logging Service...
[954]: Generating public/private ecdsa key pair.
[   16.148329] cloud-init[954]: Your identification has been saved in /etc/ssh/ssh_host_ecdsa_key.
[   16.149648] [cloud-init[954]: Your public key has been saved in /etc/ssh/ssh_host_ecdsa_key.pub.
[0;32m  OK  [0m] Started Regular background program processing daemon.
[   16.150971] cloud-init[954]: The key fingerprint is:
[   16.164193] [[0;32m  OK  [0m] Started ACPI event daemon.
cloud-init[954]: SHA256:jCOvhTWMzP+o178zcXcvR9BrO2dxfM8vZN9T45r0How root@ubuntu-xenial
[   16.172471]          Starting Accounts Service...
cloud-init[954]: The key's randomart image is:
[   16.173551] cloud-init[954]: +---[ECDSA 256]---+
[   16.174567] cloud-init[954]: |                 |
[   16.180277]          Starting Pollinate to seed the pseudo random number generator...
cloud-init[954]: |                 |
[   16.182553]          Starting Login Service...
cloud-init[954]: |               . |
[   16.188263]          Starting LSB: MD monitoring daemon...
cloud-init[954]: |   o o o      . .|
[   16.196422] cloud-init[954]: |    = * S      o.|
[   16.197196] cloud-init[954]: |     * o  . . *=B|
[   16.204463] [[0;32m  OK  [0m] Started D-Bus System Message Bus.
cloud-init[954]: |    . +.   o EoB@|
[   16.205398] cloud-init[954]: |     o.o. o . ==@|
[   16.212234] cloud-init[954]: |    oo. ..o+ ooB*|
[   16.220216] cloud-init[954]: +----[SHA256]-----+
[   16.220885] cloud-init[954]: Generating public/private ed25519 key pair.
[   16.228195] cloud-init[954]: Your identification has been saved in /etc/ssh/ssh_host_ed25519_key.
[   16.229296] cloud-init[954]: Your public key has been saved in /etc/ssh/ssh_host_ed25519_key.pub.
[   16.236206] cloud-init[954]: The key fingerprint is:
[   16.248358] cloud-init[954]: SHA256:pBcuyGAWuE8Vt1y80KztpJauVuod80C51FM3qbDNb0k root@ubuntu-xenial
[   16.256342] cloud-init[954]: The key's randomart image is:
[   16.264226] cloud-init[954]: +--[ED25519 256]--+
[   16.264999] cloud-init[954]: | .. ...+.        |
[   16.272270] cloud-init[954]: |.  ..o.o+    .   |
[   16.280595] cloud-init[954]: | .+.  o++.. +    |
[   16.281582] cloud-init[954]: |.o.o ..*+B o .   |
[   16.288245] cloud-init[954]: | o  o *=S + E    |
[   16.296427] cloud-init[954]: |  .  o=+.. o .   |
[   16.304345] cloud-init[954]: |     ==     +    |
[   16.312238] cloud-init[954]: |    o..=   .     |
[   16.320219] cloud-init[954]: |   oo.. .        |
[   16.328208] cloud-init[954]: +----[SHA256]-----+
         Starting /etc/rc.local Compatibility...
[[0;32m  OK  [0m] Started Deferred execution scheduler.
         Starting Virtualbox guest utils...
         Starting Snap Daemon...
         Starting LSB: Record successful boot for GRUB...
[[0;32m  OK  [0m] Started System Logging Service.
[[0;32m  OK  [0m] Started iSCSI initiator daemon (iscsid).
[[0;32m  OK  [0m] Started /etc/rc.local Compatibility.
[[0;32m  OK  [0m] Started Login Service.
[[0;32m  OK  [0m] Started Unattended Upgrades Shutdown.
         Starting Authenticate and Authorize Users to Run Privileged Tasks...
         Starting Login to default iSCSI targets...
[[0;32m  OK  [0m] Started LSB: Record successful boot for GRUB.
[[0;32m  OK  [0m] Started LSB: MD monitoring daemon.
[[0;32m  OK  [0m] Started Login to default iSCSI targets.
[[0;32m  OK  [0m] Reached target Remote File Systems (Pre).
[[0;32m  OK  [0m] Reached target Remote File Systems.
         Starting LSB: Set the CPU Frequency Scaling governor to "ondemand"...
         Starting LSB: daemon to balance interrupts for SMP systems...
         Starting Permit User Sessions...
         Starting LSB: automatic crash report generation...
[[0;32m  OK  [0m] Started LSB: Set the CPU Frequency Scaling governor to "ondemand".
[[0;32m  OK  [0m] Started Permit User Sessions.
         Starting Hold until boot process finishes up...
         Starting Terminate Plymouth Boot Screen...
[[0;32m  OK  [0m] Started Hold until boot process finishes up.
         Starting Set console scheme...
[[0;32m  OK  [0m] Started Serial Getty on ttyS0.
[[0;32m  OK  [0m] Started Getty on tty1.
[[0;32m  OK  [0m] Reached target Login Prompts.
[[0;32m  OK  [0m] Started Terminate Plymouth Boot Screen.
[[0;32m  OK  [0m] Started Authenticate and Authorize Users to Run Privileged Tasks.
[[0;32m  OK  [0m] Started Accounts Service.
[[0;32m  OK  [0m] Started Set console scheme.
[[0;32m  OK  [0m] Started LSB: daemon to balance interrupts for SMP systems.
[[0;32m  OK  [0m] Started LSB: automatic crash report generation.
[[0;32m  OK  [0m] Started Virtualbox guest utils.
[[0;32m  OK  [0m] Started LXD - container startup/shutdown.
[[0;32m  OK  [0m] Started Snap Daemon.
         Starting Wait until snapd is fully seeded...

Ubuntu 16.04.7 LTS ubuntu-xenial ttyS0

ubuntu-xenial login: [   28.210368] cloud-init[1431]: Generating locales (this might take a while)...
[   28.788555] cloud-init[1431]:   en_US.UTF-8... done
[   28.789158] cloud-init[1431]: Generation complete.
[   29.332761] cloud-init[1431]: Cloud-init v. 21.1-19-gbad84ad4-0ubuntu1~16.04.2 running 'modules:config' at Tue, 16 Aug 2022 23:26:27 +0000. Up 28.08 seconds.
ci-info: no authorized SSH keys fingerprints found for user ubuntu.
<14>Aug 16 23:26:29 ec2: 
<14>Aug 16 23:26:29 ec2: #############################################################
<14>Aug 16 23:26:29 ec2: -----BEGIN SSH HOST KEY FINGERPRINTS-----
<14>Aug 16 23:26:29 ec2: 1024 SHA256:kBLyPqTT22t+U6NZnaCQBS6olXEbLGNWcC1XhSQwotQ root@ubuntu-xenial (DSA)
<14>Aug 16 23:26:29 ec2: 256 SHA256:jCOvhTWMzP+o178zcXcvR9BrO2dxfM8vZN9T45r0How root@ubuntu-xenial (ECDSA)
<14>Aug 16 23:26:29 ec2: 256 SHA256:pBcuyGAWuE8Vt1y80KztpJauVuod80C51FM3qbDNb0k root@ubuntu-xenial (ED25519)
<14>Aug 16 23:26:29 ec2: 2048 SHA256:ZQujylSGlEq1Iu28fRldMDtM/jZcHmkepWyJFCDzfZk root@ubuntu-xenial (RSA)
<14>Aug 16 23:26:29 ec2: -----END SSH HOST KEY FINGERPRINTS-----
<14>Aug 16 23:26:29 ec2: #############################################################
-----BEGIN SSH HOST KEY KEYS-----
ecdsa-sha2-nistp256 AAAAE2VjZHNhLXNoYTItbmlzdHAyNTYAAAAIbmlzdHAyNTYAAABBBOFcKgDTDO//r4ujDA4q9KAUgW71PFyY6JAVGyv9s+mNtxdq5yo4PwsegYmwQSfDgczujVH+LKiscKvg+G1m6h8= root@ubuntu-xenial
ssh-ed25519 AAAAC3NzaC1lZDI1NTE5AAAAIHomaakLYYBzVXgI9Nqlpl/pVT9aZnX0ZymCmO5OFwyj root@ubuntu-xenial
ssh-rsa AAAAB3NzaC1yc2EAAAADAQABAAABAQCoH8z4FXmes0fLn30oG9TdfP0rUnbKTNQwmH0mXS2Lj1SpR13Nd4xRxZVLiqiuVhQqaa/yEqM4U2GrQx3jIjCiZ6MGXnSekFbo73pYB307nb0Mo5tbpGNdcOumcVCPyMRrm/h7X4QsZwK86N7agZddaJ91SYuOKu1ZnoGNYGW+XcLjP6Q+Lg+fP/FQG/yNPUOoHKArNMsMR2D2XNi96loy8dE3R11O6a2Bbp445cbF99zFvZBfUs65ijTrnZV8GUw4V1AqAaTEO1sT5Kd/cBHWXodxdmA+ftRz7uf4+rFh+c/JDT2Em8o5Xu9pTY0Kir+XOFYC3qyTjvKH1dOYE96P root@ubuntu-xenial
-----END SSH HOST KEY KEYS-----
[   29.728027] cloud-init[1690]: Cloud-init v. 21.1-19-gbad84ad4-0ubuntu1~16.04.2 running 'modules:final' at Tue, 16 Aug 2022 23:26:29 +0000. Up 29.57 seconds.
[   29.729167] cloud-init[1690]: ci-info: no authorized SSH keys fingerprints found for user ubuntu.
[   29.729750] cloud-init[1690]: Cloud-init v. 21.1-19-gbad84ad4-0ubuntu1~16.04.2 finished at Tue, 16 Aug 2022 23:26:29 +0000. Datasource DataSourceNoCloud [seed=/dev/sdb][dsmode=net].  Up 29.72 seconds
